<?xml version="1.0" encoding="UTF-8"?>
<!-- Generated by org.testng.reporters.JUnitReportReporter -->
<testsuite hostname="LAPTOP-FIQ410M2" failures="0" tests="2" name="com.interview.paralleltest.demo.ParallelTest" time="8.445" errors="0" timestamp="2024-06-09T10:23:37 IST" skipped="0">
  <testcase classname="com.interview.paralleltest.demo.ParallelTest" name="testMethod2" time="5.509"/>
  <system-out/>
  <testcase classname="com.interview.paralleltest.demo.ParallelTest" name="testMethod1" time="2.936"/>
  <system-out/>
</testsuite> <!-- com.interview.paralleltest.demo.ParallelTest -->
