<?xml version="1.0" encoding="UTF-8"?>
<!-- Generated by org.testng.reporters.JUnitReportReporter -->
<testsuite hostname="LAPTOP-FIQ410M2" failures="0" tests="2" name="com.interview.paralleltest.demo.ParallelTest" time="6.848" errors="0" timestamp="2024-06-18T06:44:27 IST" skipped="0">
  <testcase classname="com.interview.paralleltest.demo.ParallelTest" name="testMethod1" time="4.171"/>
  <system-out/>
  <testcase classname="com.interview.paralleltest.demo.ParallelTest" name="testMethod2" time="2.677"/>
  <system-out/>
</testsuite> <!-- com.interview.paralleltest.demo.ParallelTest -->
